<?xml version="1.0" encoding="UTF-8"?>
<!-- Generated by org.testng.reporters.JUnitReportReporter -->
<testsuite hostname="lenovo-Komputer" failures="0" tests="4" name="com.chrzescijanksaRandka.qa.testScenarios.LoginTest" time="91.256" errors="0" timestamp="2023-10-19T20:54:09 CEST" skipped="0">
  <testcase classname="com.chrzescijanksaRandka.qa.testScenarios.LoginTest" name="verifyLoggingIntoTheApplicationUsingValidCredentials" time="15.741"/>
  <system-out/>
  <testcase classname="com.chrzescijanksaRandka.qa.testScenarios.LoginTest" name="verifyLoggingIntoTheApplicationUsingInvalidCredentials" time="27.357"/>
  <system-out/>
  <testcase classname="com.chrzescijanksaRandka.qa.testScenarios.LoginTest" name="verifyLoggingIntoTheApplicationUsingKeyboardKeysTabAndEnter" time="26.742"/>
  <system-out/>
  <testcase classname="com.chrzescijanksaRandka.qa.testScenarios.LoginTest" name="VerifyLoggingIntoTheApplicationWithoutProvidingAnyCredentials" time="21.416"/>
  <system-out/>
</testsuite> <!-- com.chrzescijanksaRandka.qa.testScenarios.LoginTest -->
