<?xml version="1.0" encoding="UTF-8"?>
<!-- Generated by org.testng.reporters.JUnitReportReporter -->
<testsuite hostname="lenovo-Komputer" failures="0" tests="1" name="com.chrzescijanksaRandka.qa.testScenarios.LoginTest" time="31.020" errors="0" timestamp="2023-09-30T22:49:40 CEST" skipped="0">
  <testcase classname="com.chrzescijanksaRandka.qa.testScenarios.LoginTest" name="verifyLoggingIntoTheApplicationUsingValidCredentials" time="31.020"/>
  <system-out/>
</testsuite> <!-- com.chrzescijanksaRandka.qa.testScenarios.LoginTest -->
