<?xml version="1.0" encoding="UTF-8"?>
<!-- Generated by org.testng.reporters.JUnitReportReporter -->
<testsuite hostname="lenovo-Komputer" failures="0" tests="1" name="com.chrzescijanksaRandka.qa.testScenarios.LoginTest" time="31.830" errors="0" timestamp="2023-11-19T19:19:47 CET" skipped="0">
  <testcase classname="com.chrzescijanksaRandka.qa.testScenarios.LoginTest" name="VerifyLoggingOutOfTheApplication" time="31.830"/>
  <system-out/>
</testsuite> <!-- com.chrzescijanksaRandka.qa.testScenarios.LoginTest -->
