<?xml version="1.0" encoding="UTF-8"?>
<!-- Generated by org.testng.reporters.JUnitReportReporter -->
<testsuite hostname="lenovo-Komputer" failures="0" tests="4" name="com.chrzescijanksaRandka.qa.testScenarios.LoginTest" time="28.785" errors="0" timestamp="2023-10-27T18:23:16 CEST" skipped="0">
  <testcase classname="com.chrzescijanksaRandka.qa.testScenarios.LoginTest" name="verifyLoggingIntoTheApplicationUsingValidCredentials" time="5.885"/>
  <system-out/>
  <testcase classname="com.chrzescijanksaRandka.qa.testScenarios.LoginTest" name="verifyLoggingIntoTheApplicationUsingInvalidCredentials" time="9.154"/>
  <system-out/>
  <testcase classname="com.chrzescijanksaRandka.qa.testScenarios.LoginTest" name="verifyLoggingIntoTheApplicationUsingKeyboardKeysTabAndEnter" time="7.698"/>
  <system-out/>
  <testcase classname="com.chrzescijanksaRandka.qa.testScenarios.LoginTest" name="VerifyLoggingIntoTheApplicationWithoutProvidingAnyCredentials" time="6.048"/>
  <system-out/>
</testsuite> <!-- com.chrzescijanksaRandka.qa.testScenarios.LoginTest -->
