<?xml version="1.0" encoding="UTF-8"?>
<!-- Generated by org.testng.reporters.JUnitReportReporter -->
<testsuite hostname="lenovo-Komputer" failures="0" tests="1" name="com.chrzescijanksaRandka.qa.testScenarios.LoginTest" time="11.488" errors="0" timestamp="2023-10-12T20:36:56 CEST" skipped="0">
  <testcase classname="com.chrzescijanksaRandka.qa.testScenarios.LoginTest" name="verifyLoggingIntoTheApplicationUsingInvalidCredentials" time="11.488"/>
  <system-out/>
</testsuite> <!-- com.chrzescijanksaRandka.qa.testScenarios.LoginTest -->
